              job id: 2826021
         exit status: 0
            cpu time: 423s / 3.4h (3 %)
        elapsed time: 635s / 3060s (20 %)
      virtual memory: 2.3G / 3.0G (76 %)

Job completed successfully
WARNING: Job only used 20% of its requested walltime.
WARNING: Job only used 3% of its requested cpu time.
WARNING: Job only used 76% of its requested memory.
Selenocysteine (U) at position 109 replaced by X
              job id: 2826017
         exit status: 0
            cpu time: 1.5h / 9.7h (15 %)
        elapsed time: 1.1h / 2.4h (45 %)
      virtual memory: 2.7G / 3.0G (90 %)

Job completed successfully
WARNING: Job only used 45% of its requested walltime.
WARNING: Job only used 15% of its requested cpu time.
              job id: 2826018
         exit status: 0
            cpu time: 1.6h / 10.8h (14 %)
        elapsed time: 1.2h / 2.7h (43 %)
      virtual memory: 2.6G / 3.0G (86 %)

Job completed successfully
WARNING: Job only used 43% of its requested walltime.
WARNING: Job only used 14% of its requested cpu time.
              job id: 2826019
         exit status: 0
            cpu time: 1.4h / 10.4h (13 %)
        elapsed time: 1.2h / 2.6h (45 %)
      virtual memory: 2.5G / 3.0G (84 %)

Job completed successfully
WARNING: Job only used 45% of its requested walltime.
WARNING: Job only used 13% of its requested cpu time.
              job id: 2826020
         exit status: 0
            cpu time: 1.4h / 9.4h (15 %)
        elapsed time: 1.2h / 2.4h (51 %)
      virtual memory: 2.6G / 3.0G (85 %)

Job completed successfully
WARNING: Job only used 51% of its requested walltime.
WARNING: Job only used 15% of its requested cpu time.
