              job id: 2812484
         exit status: 0
            cpu time: 130s / 3.1h (1 %)
        elapsed time: 1191s / 2820s (42 %)
      virtual memory: 1.8G / 2.0G (91 %)

Job completed successfully
WARNING: Job only used 42% of its requested walltime.
WARNING: Job only used 1% of its requested cpu time.
              job id: 2812485
         exit status: 0
            cpu time: 569s / 5.3h (2 %)
        elapsed time: 1281s / 1.3h (26 %)
      virtual memory: 1.8G / 2.0G (91 %)

Job completed successfully
WARNING: Job only used 26% of its requested walltime.
WARNING: Job only used 2% of its requested cpu time.
              job id: 2812483
         exit status: 0
            cpu time: 787s / 5.7h (3 %)
        elapsed time: 1321s / 1.4h (25 %)
      virtual memory: 1.8G / 2.0G (91 %)

Job completed successfully
WARNING: Job only used 25% of its requested walltime.
WARNING: Job only used 3% of its requested cpu time.
              job id: 2812482
         exit status: 0
            cpu time: 725s / 5.5h (3 %)
        elapsed time: 1341s / 1.4h (27 %)
      virtual memory: 1.8G / 2.0G (91 %)

Job completed successfully
WARNING: Job only used 27% of its requested walltime.
WARNING: Job only used 3% of its requested cpu time.
              job id: 2812481
         exit status: 0
            cpu time: 785s / 5.3h (4 %)
        elapsed time: 1408s / 1.3h (29 %)
      virtual memory: 1.8G / 2.0G (91 %)

Job completed successfully
WARNING: Job only used 29% of its requested walltime.
WARNING: Job only used 4% of its requested cpu time.
