              job id: 2826000
         exit status: 0
            cpu time: 135s / 3.1h (1 %)
        elapsed time: 1168s / 2820s (41 %)
      virtual memory: 1.8G / 2.0G (91 %)

Job completed successfully
WARNING: Job only used 41% of its requested walltime.
WARNING: Job only used 1% of its requested cpu time.
              job id: 2825998
         exit status: 0
            cpu time: 810s / 5.7h (3 %)
        elapsed time: 1259s / 1.4h (24 %)
      virtual memory: 1.8G / 2.0G (91 %)

Job completed successfully
WARNING: Job only used 24% of its requested walltime.
WARNING: Job only used 3% of its requested cpu time.
              job id: 2825997
         exit status: 0
            cpu time: 748s / 5.5h (3 %)
        elapsed time: 1260s / 1.4h (25 %)
      virtual memory: 1.8G / 2.0G (91 %)

Job completed successfully
WARNING: Job only used 25% of its requested walltime.
WARNING: Job only used 3% of its requested cpu time.
              job id: 2826001
         exit status: 0
            cpu time: 730s / 5.3h (3 %)
        elapsed time: 1262s / 1.3h (26 %)
      virtual memory: 1.8G / 2.0G (91 %)

Job completed successfully
WARNING: Job only used 26% of its requested walltime.
WARNING: Job only used 3% of its requested cpu time.
              job id: 2825999
         exit status: 0
            cpu time: 928s / 5.8h (4 %)
        elapsed time: 1457s / 1.4h (27 %)
      virtual memory: 1.8G / 2.0G (91 %)

Job completed successfully
WARNING: Job only used 27% of its requested walltime.
WARNING: Job only used 4% of its requested cpu time.
